=== TALOS EXECUTION START ===
Goal: Analyze README.md and create a summary report
Status: approved

[STEP 1] read_file
  target: README.md
  reason: Start by reading the contents of README.md
  status: failed
  error: File does not exist: README.md

[STEP 2] summarize_text
  target: README.md
  reason: Summarize the contents and identify key points
  status: failed
  error: No prior text is available for summarize_text.

[STEP 3] write_file
  target: summary.txt
  reason: Write the summary to a file named summary.txt
  status: failed
  error: No content available to write.

Final plan status: failed
=== TALOS EXECUTION END ===
